2022-07-28 14:57:58 Error: [MissingControllerException] Controller class PostsController could not be found.
Exception Attributes: array (
  'class' => 'PostsController',
  'plugin' => NULL,
)
Request URL: /posts
Stack Trace:
#0 /app/app/webroot/index.php(118): Dispatcher->dispatch(Object(CakeRequest), Object(CakeResponse))
#1 {main}
2022-07-28 15:37:53 Error: Fatal Error (64): Cannot redeclare class PostsController in [/app/app/Controller/PostsController.php, line 7]
2022-07-28 15:37:53 Error: [FatalErrorException] Cannot redeclare class PostsController
Request URL: /posts
Stack Trace:
#0 /app/lib/Cake/Error/ErrorHandler.php(212): ErrorHandler::handleFatalError(64, 'Cannot redeclar...', '/app/app/Contro...', 7)
#1 [internal function]: ErrorHandler::handleError(64, 'Cannot redeclar...', '/app/app/Contro...', 7, Array)
#2 /app/lib/Cake/Core/App.php(970): call_user_func('ErrorHandler::h...', 64, 'Cannot redeclar...', '/app/app/Contro...', 7, Array)
#3 /app/lib/Cake/Core/App.php(943): App::_checkFatalError()
#4 [internal function]: App::shutdown()
#5 {main}
2022-07-28 15:38:13 Error: Fatal Error (64): Cannot redeclare class PostsController in [/app/app/Controller/PostsController.php, line 7]
2022-07-28 15:38:13 Error: [FatalErrorException] Cannot redeclare class PostsController
Request URL: /posts
Stack Trace:
#0 /app/lib/Cake/Error/ErrorHandler.php(212): ErrorHandler::handleFatalError(64, 'Cannot redeclar...', '/app/app/Contro...', 7)
#1 [internal function]: ErrorHandler::handleError(64, 'Cannot redeclar...', '/app/app/Contro...', 7, Array)
#2 /app/lib/Cake/Core/App.php(970): call_user_func('ErrorHandler::h...', 64, 'Cannot redeclar...', '/app/app/Contro...', 7, Array)
#3 /app/lib/Cake/Core/App.php(943): App::_checkFatalError()
#4 [internal function]: App::shutdown()
#5 {main}
2022-07-28 15:38:39 Error: [MissingViewException] View file "Posts/index.ctp" is missing.
Exception Attributes: array (
  'file' => 'Posts/index.ctp',
)
Request URL: /posts
Stack Trace:
#0 /app/lib/Cake/View/View.php(470): View->_getViewFileName(NULL)
#1 /app/lib/Cake/Controller/Controller.php(968): View->render(NULL, NULL)
#2 /app/lib/Cake/Routing/Dispatcher.php(200): Controller->render()
#3 /app/lib/Cake/Routing/Dispatcher.php(167): Dispatcher->_invoke(Object(PostsController), Object(CakeRequest))
#4 /app/app/webroot/index.php(118): Dispatcher->dispatch(Object(CakeRequest), Object(CakeResponse))
#5 {main}
2022-07-28 15:41:45 Error: [MissingViewException] View file "Posts/index.ctp" is missing.
Exception Attributes: array (
  'file' => 'Posts/index.ctp',
)
Request URL: /posts
Stack Trace:
#0 /app/lib/Cake/View/View.php(470): View->_getViewFileName(NULL)
#1 /app/lib/Cake/Controller/Controller.php(968): View->render(NULL, NULL)
#2 /app/lib/Cake/Routing/Dispatcher.php(200): Controller->render()
#3 /app/lib/Cake/Routing/Dispatcher.php(167): Dispatcher->_invoke(Object(PostsController), Object(CakeRequest))
#4 /app/app/webroot/index.php(118): Dispatcher->dispatch(Object(CakeRequest), Object(CakeResponse))
#5 {main}
2022-07-28 15:41:46 Error: [MissingViewException] View file "Posts/index.ctp" is missing.
Exception Attributes: array (
  'file' => 'Posts/index.ctp',
)
Request URL: /posts
Stack Trace:
#0 /app/lib/Cake/View/View.php(470): View->_getViewFileName(NULL)
#1 /app/lib/Cake/Controller/Controller.php(968): View->render(NULL, NULL)
#2 /app/lib/Cake/Routing/Dispatcher.php(200): Controller->render()
#3 /app/lib/Cake/Routing/Dispatcher.php(167): Dispatcher->_invoke(Object(PostsController), Object(CakeRequest))
#4 /app/app/webroot/index.php(118): Dispatcher->dispatch(Object(CakeRequest), Object(CakeResponse))
#5 {main}
2022-07-28 15:43:08 Error: [MissingViewException] View file "Posts/index.ctp" is missing.
Exception Attributes: array (
  'file' => 'Posts/index.ctp',
)
Request URL: /posts
Stack Trace:
#0 /app/lib/Cake/View/View.php(470): View->_getViewFileName(NULL)
#1 /app/lib/Cake/Controller/Controller.php(968): View->render(NULL, NULL)
#2 /app/lib/Cake/Routing/Dispatcher.php(200): Controller->render()
#3 /app/lib/Cake/Routing/Dispatcher.php(167): Dispatcher->_invoke(Object(PostsController), Object(CakeRequest))
#4 /app/app/webroot/index.php(118): Dispatcher->dispatch(Object(CakeRequest), Object(CakeResponse))
#5 {main}
2022-07-28 15:47:13 Error: [MissingActionException] Action PostsController::view() could not be found.
Exception Attributes: array (
  'controller' => 'PostsController',
  'action' => 'view',
)
Request URL: /posts/view/1
Stack Trace:
#0 /app/lib/Cake/Routing/Dispatcher.php(193): Controller->invokeAction(Object(CakeRequest))
#1 /app/lib/Cake/Routing/Dispatcher.php(167): Dispatcher->_invoke(Object(PostsController), Object(CakeRequest))
#2 /app/app/webroot/index.php(118): Dispatcher->dispatch(Object(CakeRequest), Object(CakeResponse))
#3 {main}
2022-07-28 15:48:59 Error: [MissingActionException] Action PostsController::teste() could not be found.
Exception Attributes: array (
  'controller' => 'PostsController',
  'action' => 'teste',
)
Request URL: /posts/teste
Stack Trace:
#0 /app/lib/Cake/Routing/Dispatcher.php(193): Controller->invokeAction(Object(CakeRequest))
#1 /app/lib/Cake/Routing/Dispatcher.php(167): Dispatcher->_invoke(Object(PostsController), Object(CakeRequest))
#2 /app/app/webroot/index.php(118): Dispatcher->dispatch(Object(CakeRequest), Object(CakeResponse))
#3 {main}
2022-07-28 15:49:42 Error: [MissingActionException] Action PostsController::view() could not be found.
Exception Attributes: array (
  'controller' => 'PostsController',
  'action' => 'view',
)
Request URL: /posts/view/1
Stack Trace:
#0 /app/lib/Cake/Routing/Dispatcher.php(193): Controller->invokeAction(Object(CakeRequest))
#1 /app/lib/Cake/Routing/Dispatcher.php(167): Dispatcher->_invoke(Object(PostsController), Object(CakeRequest))
#2 /app/app/webroot/index.php(118): Dispatcher->dispatch(Object(CakeRequest), Object(CakeResponse))
#3 {main}
2022-07-28 15:49:45 Error: [MissingActionException] Action PostsController::view() could not be found.
Exception Attributes: array (
  'controller' => 'PostsController',
  'action' => 'view',
)
Request URL: /posts/view/2
Stack Trace:
#0 /app/lib/Cake/Routing/Dispatcher.php(193): Controller->invokeAction(Object(CakeRequest))
#1 /app/lib/Cake/Routing/Dispatcher.php(167): Dispatcher->_invoke(Object(PostsController), Object(CakeRequest))
#2 /app/app/webroot/index.php(118): Dispatcher->dispatch(Object(CakeRequest), Object(CakeResponse))
#3 {main}
2022-07-28 15:49:48 Error: [MissingActionException] Action PostsController::view() could not be found.
Exception Attributes: array (
  'controller' => 'PostsController',
  'action' => 'view',
)
Request URL: /posts/view/3
Stack Trace:
#0 /app/lib/Cake/Routing/Dispatcher.php(193): Controller->invokeAction(Object(CakeRequest))
#1 /app/lib/Cake/Routing/Dispatcher.php(167): Dispatcher->_invoke(Object(PostsController), Object(CakeRequest))
#2 /app/app/webroot/index.php(118): Dispatcher->dispatch(Object(CakeRequest), Object(CakeResponse))
#3 {main}
2022-07-28 15:50:44 Error: [MissingViewException] View file "Posts/view.ctp" is missing.
Exception Attributes: array (
  'file' => 'Posts/view.ctp',
)
Request URL: /posts/view/1
Stack Trace:
#0 /app/lib/Cake/View/View.php(470): View->_getViewFileName(NULL)
#1 /app/lib/Cake/Controller/Controller.php(968): View->render(NULL, NULL)
#2 /app/lib/Cake/Routing/Dispatcher.php(200): Controller->render()
#3 /app/lib/Cake/Routing/Dispatcher.php(167): Dispatcher->_invoke(Object(PostsController), Object(CakeRequest))
#4 /app/app/webroot/index.php(118): Dispatcher->dispatch(Object(CakeRequest), Object(CakeResponse))
#5 {main}
2022-07-28 15:53:50 Error: Fatal Error (4): syntax error, unexpected '<' in [/app/app/View/Posts/view.ctp, line 3]
2022-07-28 15:53:50 Error: [FatalErrorException] syntax error, unexpected '<'
Request URL: /posts/view/1
Stack Trace:
#0 /app/lib/Cake/Error/ErrorHandler.php(212): ErrorHandler::handleFatalError(4, 'syntax error, u...', '/app/app/View/P...', 3)
#1 [internal function]: ErrorHandler::handleError(4, 'syntax error, u...', '/app/app/View/P...', 3, Array)
#2 /app/lib/Cake/Core/App.php(970): call_user_func('ErrorHandler::h...', 4, 'syntax error, u...', '/app/app/View/P...', 3, Array)
#3 /app/lib/Cake/Core/App.php(943): App::_checkFatalError()
#4 [internal function]: App::shutdown()
#5 {main}
2022-07-28 15:58:42 Error: [NotFoundException] Invalid post
Request URL: /posts/view
Stack Trace:
#0 [internal function]: PostsController->view()
#1 /app/lib/Cake/Controller/Controller.php(499): ReflectionMethod->invokeArgs(Object(PostsController), Array)
#2 /app/lib/Cake/Routing/Dispatcher.php(193): Controller->invokeAction(Object(CakeRequest))
#3 /app/lib/Cake/Routing/Dispatcher.php(167): Dispatcher->_invoke(Object(PostsController), Object(CakeRequest))
#4 /app/app/webroot/index.php(118): Dispatcher->dispatch(Object(CakeRequest), Object(CakeResponse))
#5 {main}
2022-07-28 16:20:31 Error: Fatal Error (4): syntax error, unexpected 'public' (T_PUBLIC) in [/app/app/Controller/PostsController.php, line 36]
2022-07-28 16:20:31 Error: [FatalErrorException] syntax error, unexpected 'public' (T_PUBLIC)
Request URL: /posts
Stack Trace:
#0 /app/lib/Cake/Error/ErrorHandler.php(212): ErrorHandler::handleFatalError(4, 'syntax error, u...', '/app/app/Contro...', 36)
#1 [internal function]: ErrorHandler::handleError(4, 'syntax error, u...', '/app/app/Contro...', 36, Array)
#2 /app/lib/Cake/Core/App.php(970): call_user_func('ErrorHandler::h...', 4, 'syntax error, u...', '/app/app/Contro...', 36, Array)
#3 /app/lib/Cake/Core/App.php(943): App::_checkFatalError()
#4 [internal function]: App::shutdown()
#5 {main}
2022-07-28 16:24:06 Error: [NotFoundException] Invalid post
Request URL: /posts/edit
Stack Trace:
#0 [internal function]: PostsController->edit()
#1 /app/lib/Cake/Controller/Controller.php(499): ReflectionMethod->invokeArgs(Object(PostsController), Array)
#2 /app/lib/Cake/Routing/Dispatcher.php(193): Controller->invokeAction(Object(CakeRequest))
#3 /app/lib/Cake/Routing/Dispatcher.php(167): Dispatcher->_invoke(Object(PostsController), Object(CakeRequest))
#4 /app/app/webroot/index.php(118): Dispatcher->dispatch(Object(CakeRequest), Object(CakeResponse))
#5 {main}
2022-07-28 16:24:18 Error: [MissingActionException] Action PostsController::edd() could not be found.
Exception Attributes: array (
  'controller' => 'PostsController',
  'action' => 'edd',
)
Request URL: /posts/edd
Stack Trace:
#0 /app/lib/Cake/Routing/Dispatcher.php(193): Controller->invokeAction(Object(CakeRequest))
#1 /app/lib/Cake/Routing/Dispatcher.php(167): Dispatcher->_invoke(Object(PostsController), Object(CakeRequest))
#2 /app/app/webroot/index.php(118): Dispatcher->dispatch(Object(CakeRequest), Object(CakeResponse))
#3 {main}
2022-07-28 16:24:21 Error: [NotFoundException] Invalid post
Request URL: /posts/edit
Stack Trace:
#0 [internal function]: PostsController->edit()
#1 /app/lib/Cake/Controller/Controller.php(499): ReflectionMethod->invokeArgs(Object(PostsController), Array)
#2 /app/lib/Cake/Routing/Dispatcher.php(193): Controller->invokeAction(Object(CakeRequest))
#3 /app/lib/Cake/Routing/Dispatcher.php(167): Dispatcher->_invoke(Object(PostsController), Object(CakeRequest))
#4 /app/app/webroot/index.php(118): Dispatcher->dispatch(Object(CakeRequest), Object(CakeResponse))
#5 {main}
2022-07-28 16:24:30 Error: [NotFoundException] Invalid post
Request URL: /posts/edit
Stack Trace:
#0 [internal function]: PostsController->edit()
#1 /app/lib/Cake/Controller/Controller.php(499): ReflectionMethod->invokeArgs(Object(PostsController), Array)
#2 /app/lib/Cake/Routing/Dispatcher.php(193): Controller->invokeAction(Object(CakeRequest))
#3 /app/lib/Cake/Routing/Dispatcher.php(167): Dispatcher->_invoke(Object(PostsController), Object(CakeRequest))
#4 /app/app/webroot/index.php(118): Dispatcher->dispatch(Object(CakeRequest), Object(CakeResponse))
#5 {main}
2022-07-28 16:24:31 Error: [NotFoundException] Invalid post
Request URL: /posts/edit
Stack Trace:
#0 [internal function]: PostsController->edit()
#1 /app/lib/Cake/Controller/Controller.php(499): ReflectionMethod->invokeArgs(Object(PostsController), Array)
#2 /app/lib/Cake/Routing/Dispatcher.php(193): Controller->invokeAction(Object(CakeRequest))
#3 /app/lib/Cake/Routing/Dispatcher.php(167): Dispatcher->_invoke(Object(PostsController), Object(CakeRequest))
#4 /app/app/webroot/index.php(118): Dispatcher->dispatch(Object(CakeRequest), Object(CakeResponse))
#5 {main}
2022-07-28 16:24:31 Error: [NotFoundException] Invalid post
Request URL: /posts/edit
Stack Trace:
#0 [internal function]: PostsController->edit()
#1 /app/lib/Cake/Controller/Controller.php(499): ReflectionMethod->invokeArgs(Object(PostsController), Array)
#2 /app/lib/Cake/Routing/Dispatcher.php(193): Controller->invokeAction(Object(CakeRequest))
#3 /app/lib/Cake/Routing/Dispatcher.php(167): Dispatcher->_invoke(Object(PostsController), Object(CakeRequest))
#4 /app/app/webroot/index.php(118): Dispatcher->dispatch(Object(CakeRequest), Object(CakeResponse))
#5 {main}
2022-07-28 16:24:31 Error: [NotFoundException] Invalid post
Request URL: /posts/edit
Stack Trace:
#0 [internal function]: PostsController->edit()
#1 /app/lib/Cake/Controller/Controller.php(499): ReflectionMethod->invokeArgs(Object(PostsController), Array)
#2 /app/lib/Cake/Routing/Dispatcher.php(193): Controller->invokeAction(Object(CakeRequest))
#3 /app/lib/Cake/Routing/Dispatcher.php(167): Dispatcher->_invoke(Object(PostsController), Object(CakeRequest))
#4 /app/app/webroot/index.php(118): Dispatcher->dispatch(Object(CakeRequest), Object(CakeResponse))
#5 {main}
2022-07-28 16:24:31 Error: [NotFoundException] Invalid post
Request URL: /posts/edit
Stack Trace:
#0 [internal function]: PostsController->edit()
#1 /app/lib/Cake/Controller/Controller.php(499): ReflectionMethod->invokeArgs(Object(PostsController), Array)
#2 /app/lib/Cake/Routing/Dispatcher.php(193): Controller->invokeAction(Object(CakeRequest))
#3 /app/lib/Cake/Routing/Dispatcher.php(167): Dispatcher->_invoke(Object(PostsController), Object(CakeRequest))
#4 /app/app/webroot/index.php(118): Dispatcher->dispatch(Object(CakeRequest), Object(CakeResponse))
#5 {main}
2022-07-28 16:24:32 Error: [NotFoundException] Invalid post
Request URL: /posts/edit
Stack Trace:
#0 [internal function]: PostsController->edit()
#1 /app/lib/Cake/Controller/Controller.php(499): ReflectionMethod->invokeArgs(Object(PostsController), Array)
#2 /app/lib/Cake/Routing/Dispatcher.php(193): Controller->invokeAction(Object(CakeRequest))
#3 /app/lib/Cake/Routing/Dispatcher.php(167): Dispatcher->_invoke(Object(PostsController), Object(CakeRequest))
#4 /app/app/webroot/index.php(118): Dispatcher->dispatch(Object(CakeRequest), Object(CakeResponse))
#5 {main}
2022-07-28 16:24:33 Error: [NotFoundException] Invalid post
Request URL: /posts/edit
Stack Trace:
#0 [internal function]: PostsController->edit()
#1 /app/lib/Cake/Controller/Controller.php(499): ReflectionMethod->invokeArgs(Object(PostsController), Array)
#2 /app/lib/Cake/Routing/Dispatcher.php(193): Controller->invokeAction(Object(CakeRequest))
#3 /app/lib/Cake/Routing/Dispatcher.php(167): Dispatcher->_invoke(Object(PostsController), Object(CakeRequest))
#4 /app/app/webroot/index.php(118): Dispatcher->dispatch(Object(CakeRequest), Object(CakeResponse))
#5 {main}
2022-07-28 16:25:10 Error: [NotFoundException] Invalid post
Request URL: /posts/edit
Stack Trace:
#0 [internal function]: PostsController->edit()
#1 /app/lib/Cake/Controller/Controller.php(499): ReflectionMethod->invokeArgs(Object(PostsController), Array)
#2 /app/lib/Cake/Routing/Dispatcher.php(193): Controller->invokeAction(Object(CakeRequest))
#3 /app/lib/Cake/Routing/Dispatcher.php(167): Dispatcher->_invoke(Object(PostsController), Object(CakeRequest))
#4 /app/app/webroot/index.php(118): Dispatcher->dispatch(Object(CakeRequest), Object(CakeResponse))
#5 {main}
2022-07-28 16:25:10 Error: [NotFoundException] Invalid post
Request URL: /posts/edit
Stack Trace:
#0 [internal function]: PostsController->edit()
#1 /app/lib/Cake/Controller/Controller.php(499): ReflectionMethod->invokeArgs(Object(PostsController), Array)
#2 /app/lib/Cake/Routing/Dispatcher.php(193): Controller->invokeAction(Object(CakeRequest))
#3 /app/lib/Cake/Routing/Dispatcher.php(167): Dispatcher->_invoke(Object(PostsController), Object(CakeRequest))
#4 /app/app/webroot/index.php(118): Dispatcher->dispatch(Object(CakeRequest), Object(CakeResponse))
#5 {main}
2022-07-28 16:25:10 Error: [NotFoundException] Invalid post
Request URL: /posts/edit
Stack Trace:
#0 [internal function]: PostsController->edit()
#1 /app/lib/Cake/Controller/Controller.php(499): ReflectionMethod->invokeArgs(Object(PostsController), Array)
#2 /app/lib/Cake/Routing/Dispatcher.php(193): Controller->invokeAction(Object(CakeRequest))
#3 /app/lib/Cake/Routing/Dispatcher.php(167): Dispatcher->_invoke(Object(PostsController), Object(CakeRequest))
#4 /app/app/webroot/index.php(118): Dispatcher->dispatch(Object(CakeRequest), Object(CakeResponse))
#5 {main}
2022-07-28 16:25:11 Error: [NotFoundException] Invalid post
Request URL: /posts/edit
Stack Trace:
#0 [internal function]: PostsController->edit()
#1 /app/lib/Cake/Controller/Controller.php(499): ReflectionMethod->invokeArgs(Object(PostsController), Array)
#2 /app/lib/Cake/Routing/Dispatcher.php(193): Controller->invokeAction(Object(CakeRequest))
#3 /app/lib/Cake/Routing/Dispatcher.php(167): Dispatcher->_invoke(Object(PostsController), Object(CakeRequest))
#4 /app/app/webroot/index.php(118): Dispatcher->dispatch(Object(CakeRequest), Object(CakeResponse))
#5 {main}
2022-07-28 16:27:38 Error: [MissingActionException] Action PostsController::view2() could not be found.
Exception Attributes: array (
  'controller' => 'PostsController',
  'action' => 'view2',
)
Request URL: /posts/view2/edit
Stack Trace:
#0 /app/lib/Cake/Routing/Dispatcher.php(193): Controller->invokeAction(Object(CakeRequest))
#1 /app/lib/Cake/Routing/Dispatcher.php(167): Dispatcher->_invoke(Object(PostsController), Object(CakeRequest))
#2 /app/app/webroot/index.php(118): Dispatcher->dispatch(Object(CakeRequest), Object(CakeResponse))
#3 {main}
2022-07-28 17:01:43 Error: Fatal Error (64): Cannot redeclare UsersController::beforeFilter() in [/app/app/Controller/UsersController.php, line 76]
2022-07-28 17:01:43 Error: [FatalErrorException] Cannot redeclare UsersController::beforeFilter()
Request URL: /users/add
Stack Trace:
#0 /app/lib/Cake/Error/ErrorHandler.php(212): ErrorHandler::handleFatalError(64, 'Cannot redeclar...', '/app/app/Contro...', 76)
#1 [internal function]: ErrorHandler::handleError(64, 'Cannot redeclar...', '/app/app/Contro...', 76, Array)
#2 /app/lib/Cake/Core/App.php(970): call_user_func('ErrorHandler::h...', 64, 'Cannot redeclar...', '/app/app/Contro...', 76, Array)
#3 /app/lib/Cake/Core/App.php(943): App::_checkFatalError()
#4 [internal function]: App::shutdown()
#5 {main}
2022-07-28 17:02:25 Error: Fatal Error (4): syntax error, unexpected ''message'' (T_CONSTANT_ENCAPSED_STRING), expecting ')' in [/app/app/Model/User.php, line 11]
2022-07-28 17:02:25 Error: [FatalErrorException] syntax error, unexpected ''message'' (T_CONSTANT_ENCAPSED_STRING), expecting ')'
Request URL: /users/add
Stack Trace:
#0 /app/lib/Cake/Error/ErrorHandler.php(212): ErrorHandler::handleFatalError(4, 'syntax error, u...', '/app/app/Model/...', 11)
#1 [internal function]: ErrorHandler::handleError(4, 'syntax error, u...', '/app/app/Model/...', 11, Array)
#2 /app/lib/Cake/Core/App.php(970): call_user_func('ErrorHandler::h...', 4, 'syntax error, u...', '/app/app/Model/...', 11, Array)
#3 /app/lib/Cake/Core/App.php(943): App::_checkFatalError()
#4 [internal function]: App::shutdown()
#5 {main}
2022-07-28 17:03:55 Error: Fatal Error (4): syntax error, unexpected ''message'' (T_CONSTANT_ENCAPSED_STRING), expecting ')' in [/app/app/Model/User.php, line 11]
2022-07-28 17:03:55 Error: [FatalErrorException] syntax error, unexpected ''message'' (T_CONSTANT_ENCAPSED_STRING), expecting ')'
Request URL: /users/add
Stack Trace:
#0 /app/lib/Cake/Error/ErrorHandler.php(212): ErrorHandler::handleFatalError(4, 'syntax error, u...', '/app/app/Model/...', 11)
#1 [internal function]: ErrorHandler::handleError(4, 'syntax error, u...', '/app/app/Model/...', 11, Array)
#2 /app/lib/Cake/Core/App.php(970): call_user_func('ErrorHandler::h...', 4, 'syntax error, u...', '/app/app/Model/...', 11, Array)
#3 /app/lib/Cake/Core/App.php(943): App::_checkFatalError()
#4 [internal function]: App::shutdown()
#5 {main}
2022-07-28 17:04:00 Error: Fatal Error (4): syntax error, unexpected ''message'' (T_CONSTANT_ENCAPSED_STRING), expecting ')' in [/app/app/Model/User.php, line 11]
2022-07-28 17:04:00 Error: [FatalErrorException] syntax error, unexpected ''message'' (T_CONSTANT_ENCAPSED_STRING), expecting ')'
Request URL: /users/add
Stack Trace:
#0 /app/lib/Cake/Error/ErrorHandler.php(212): ErrorHandler::handleFatalError(4, 'syntax error, u...', '/app/app/Model/...', 11)
#1 [internal function]: ErrorHandler::handleError(4, 'syntax error, u...', '/app/app/Model/...', 11, Array)
#2 /app/lib/Cake/Core/App.php(970): call_user_func('ErrorHandler::h...', 4, 'syntax error, u...', '/app/app/Model/...', 11, Array)
#3 /app/lib/Cake/Core/App.php(943): App::_checkFatalError()
#4 [internal function]: App::shutdown()
#5 {main}
2022-07-28 17:04:01 Error: Fatal Error (4): syntax error, unexpected ''message'' (T_CONSTANT_ENCAPSED_STRING), expecting ')' in [/app/app/Model/User.php, line 11]
2022-07-28 17:04:01 Error: [FatalErrorException] syntax error, unexpected ''message'' (T_CONSTANT_ENCAPSED_STRING), expecting ')'
Request URL: /users/add
Stack Trace:
#0 /app/lib/Cake/Error/ErrorHandler.php(212): ErrorHandler::handleFatalError(4, 'syntax error, u...', '/app/app/Model/...', 11)
#1 [internal function]: ErrorHandler::handleError(4, 'syntax error, u...', '/app/app/Model/...', 11, Array)
#2 /app/lib/Cake/Core/App.php(970): call_user_func('ErrorHandler::h...', 4, 'syntax error, u...', '/app/app/Model/...', 11, Array)
#3 /app/lib/Cake/Core/App.php(943): App::_checkFatalError()
#4 [internal function]: App::shutdown()
#5 {main}
2022-07-28 17:04:01 Error: Fatal Error (4): syntax error, unexpected ''message'' (T_CONSTANT_ENCAPSED_STRING), expecting ')' in [/app/app/Model/User.php, line 11]
2022-07-28 17:04:01 Error: [FatalErrorException] syntax error, unexpected ''message'' (T_CONSTANT_ENCAPSED_STRING), expecting ')'
Request URL: /users/add
Stack Trace:
#0 /app/lib/Cake/Error/ErrorHandler.php(212): ErrorHandler::handleFatalError(4, 'syntax error, u...', '/app/app/Model/...', 11)
#1 [internal function]: ErrorHandler::handleError(4, 'syntax error, u...', '/app/app/Model/...', 11, Array)
#2 /app/lib/Cake/Core/App.php(970): call_user_func('ErrorHandler::h...', 4, 'syntax error, u...', '/app/app/Model/...', 11, Array)
#3 /app/lib/Cake/Core/App.php(943): App::_checkFatalError()
#4 [internal function]: App::shutdown()
#5 {main}
2022-07-28 17:04:01 Error: Fatal Error (4): syntax error, unexpected ''message'' (T_CONSTANT_ENCAPSED_STRING), expecting ')' in [/app/app/Model/User.php, line 11]
2022-07-28 17:04:01 Error: [FatalErrorException] syntax error, unexpected ''message'' (T_CONSTANT_ENCAPSED_STRING), expecting ')'
Request URL: /users/add
Stack Trace:
#0 /app/lib/Cake/Error/ErrorHandler.php(212): ErrorHandler::handleFatalError(4, 'syntax error, u...', '/app/app/Model/...', 11)
#1 [internal function]: ErrorHandler::handleError(4, 'syntax error, u...', '/app/app/Model/...', 11, Array)
#2 /app/lib/Cake/Core/App.php(970): call_user_func('ErrorHandler::h...', 4, 'syntax error, u...', '/app/app/Model/...', 11, Array)
#3 /app/lib/Cake/Core/App.php(943): App::_checkFatalError()
#4 [internal function]: App::shutdown()
#5 {main}
2022-07-28 17:04:01 Error: Fatal Error (4): syntax error, unexpected ''message'' (T_CONSTANT_ENCAPSED_STRING), expecting ')' in [/app/app/Model/User.php, line 11]
2022-07-28 17:04:01 Error: [FatalErrorException] syntax error, unexpected ''message'' (T_CONSTANT_ENCAPSED_STRING), expecting ')'
Request URL: /users/add
Stack Trace:
#0 /app/lib/Cake/Error/ErrorHandler.php(212): ErrorHandler::handleFatalError(4, 'syntax error, u...', '/app/app/Model/...', 11)
#1 [internal function]: ErrorHandler::handleError(4, 'syntax error, u...', '/app/app/Model/...', 11, Array)
#2 /app/lib/Cake/Core/App.php(970): call_user_func('ErrorHandler::h...', 4, 'syntax error, u...', '/app/app/Model/...', 11, Array)
#3 /app/lib/Cake/Core/App.php(943): App::_checkFatalError()
#4 [internal function]: App::shutdown()
#5 {main}
2022-07-28 17:04:02 Error: Fatal Error (4): syntax error, unexpected ''message'' (T_CONSTANT_ENCAPSED_STRING), expecting ')' in [/app/app/Model/User.php, line 11]
2022-07-28 17:04:02 Error: [FatalErrorException] syntax error, unexpected ''message'' (T_CONSTANT_ENCAPSED_STRING), expecting ')'
Request URL: /users/add
Stack Trace:
#0 /app/lib/Cake/Error/ErrorHandler.php(212): ErrorHandler::handleFatalError(4, 'syntax error, u...', '/app/app/Model/...', 11)
#1 [internal function]: ErrorHandler::handleError(4, 'syntax error, u...', '/app/app/Model/...', 11, Array)
#2 /app/lib/Cake/Core/App.php(970): call_user_func('ErrorHandler::h...', 4, 'syntax error, u...', '/app/app/Model/...', 11, Array)
#3 /app/lib/Cake/Core/App.php(943): App::_checkFatalError()
#4 [internal function]: App::shutdown()
#5 {main}
2022-07-28 17:05:47 Error: [MissingViewException] View file "Users/index.ctp" is missing.
Exception Attributes: array (
  'file' => 'Users/index.ctp',
)
Request URL: /users
Stack Trace:
#0 /app/lib/Cake/View/View.php(470): View->_getViewFileName(NULL)
#1 /app/lib/Cake/Controller/Controller.php(968): View->render(NULL, NULL)
#2 /app/lib/Cake/Routing/Dispatcher.php(200): Controller->render()
#3 /app/lib/Cake/Routing/Dispatcher.php(167): Dispatcher->_invoke(Object(UsersController), Object(CakeRequest))
#4 /app/app/webroot/index.php(118): Dispatcher->dispatch(Object(CakeRequest), Object(CakeResponse))
#5 {main}
2022-07-28 17:06:12 Error: [MissingActionException] Action UsersController::posts() could not be found.
Exception Attributes: array (
  'controller' => 'UsersController',
  'action' => 'posts',
)
Request URL: /users/posts
Stack Trace:
#0 /app/lib/Cake/Routing/Dispatcher.php(193): Controller->invokeAction(Object(CakeRequest))
#1 /app/lib/Cake/Routing/Dispatcher.php(167): Dispatcher->_invoke(Object(UsersController), Object(CakeRequest))
#2 /app/app/webroot/index.php(118): Dispatcher->dispatch(Object(CakeRequest), Object(CakeResponse))
#3 {main}
2022-07-28 17:06:29 Error: [MissingViewException] View file "Users/index.ctp" is missing.
Exception Attributes: array (
  'file' => 'Users/index.ctp',
)
Request URL: /users/
Stack Trace:
#0 /app/lib/Cake/View/View.php(470): View->_getViewFileName(NULL)
#1 /app/lib/Cake/Controller/Controller.php(968): View->render(NULL, NULL)
#2 /app/lib/Cake/Routing/Dispatcher.php(200): Controller->render()
#3 /app/lib/Cake/Routing/Dispatcher.php(167): Dispatcher->_invoke(Object(UsersController), Object(CakeRequest))
#4 /app/app/webroot/index.php(118): Dispatcher->dispatch(Object(CakeRequest), Object(CakeResponse))
#5 {main}
2022-07-28 17:18:09 Error: Fatal Error (64): Cannot redeclare AppController::$components in [/app/app/Controller/AppController.php, line 77]
2022-07-28 17:18:09 Error: [FatalErrorException] Cannot redeclare AppController::$components
Request URL: /users/login
Stack Trace:
#0 /app/lib/Cake/Error/ErrorHandler.php(212): ErrorHandler::handleFatalError(64, 'Cannot redeclar...', '/app/app/Contro...', 77)
#1 [internal function]: ErrorHandler::handleError(64, 'Cannot redeclar...', '/app/app/Contro...', 77, Array)
#2 /app/lib/Cake/Core/App.php(970): call_user_func('ErrorHandler::h...', 64, 'Cannot redeclar...', '/app/app/Contro...', 77, Array)
#3 /app/lib/Cake/Core/App.php(943): App::_checkFatalError()
#4 [internal function]: App::shutdown()
#5 {main}
2022-07-28 17:19:05 Error: Fatal Error (64): Cannot redeclare AppController::$components in [/app/app/Controller/AppController.php, line 77]
2022-07-28 17:19:05 Error: [FatalErrorException] Cannot redeclare AppController::$components
Request URL: /users/login
Stack Trace:
#0 /app/lib/Cake/Error/ErrorHandler.php(212): ErrorHandler::handleFatalError(64, 'Cannot redeclar...', '/app/app/Contro...', 77)
#1 [internal function]: ErrorHandler::handleError(64, 'Cannot redeclar...', '/app/app/Contro...', 77, Array)
#2 /app/lib/Cake/Core/App.php(970): call_user_func('ErrorHandler::h...', 64, 'Cannot redeclar...', '/app/app/Contro...', 77, Array)
#3 /app/lib/Cake/Core/App.php(943): App::_checkFatalError()
#4 [internal function]: App::shutdown()
#5 {main}
2022-07-28 17:19:05 Error: Fatal Error (64): Cannot redeclare AppController::$components in [/app/app/Controller/AppController.php, line 77]
2022-07-28 17:19:05 Error: [FatalErrorException] Cannot redeclare AppController::$components
Request URL: /users/login
Stack Trace:
#0 /app/lib/Cake/Error/ErrorHandler.php(212): ErrorHandler::handleFatalError(64, 'Cannot redeclar...', '/app/app/Contro...', 77)
#1 [internal function]: ErrorHandler::handleError(64, 'Cannot redeclar...', '/app/app/Contro...', 77, Array)
#2 /app/lib/Cake/Core/App.php(970): call_user_func('ErrorHandler::h...', 64, 'Cannot redeclar...', '/app/app/Contro...', 77, Array)
#3 /app/lib/Cake/Core/App.php(943): App::_checkFatalError()
#4 [internal function]: App::shutdown()
#5 {main}
2022-07-28 17:19:05 Error: Fatal Error (64): Cannot redeclare AppController::$components in [/app/app/Controller/AppController.php, line 77]
2022-07-28 17:19:05 Error: [FatalErrorException] Cannot redeclare AppController::$components
Request URL: /users/login
Stack Trace:
#0 /app/lib/Cake/Error/ErrorHandler.php(212): ErrorHandler::handleFatalError(64, 'Cannot redeclar...', '/app/app/Contro...', 77)
#1 [internal function]: ErrorHandler::handleError(64, 'Cannot redeclar...', '/app/app/Contro...', 77, Array)
#2 /app/lib/Cake/Core/App.php(970): call_user_func('ErrorHandler::h...', 64, 'Cannot redeclar...', '/app/app/Contro...', 77, Array)
#3 /app/lib/Cake/Core/App.php(943): App::_checkFatalError()
#4 [internal function]: App::shutdown()
#5 {main}
2022-07-28 17:19:06 Error: Fatal Error (64): Cannot redeclare AppController::$components in [/app/app/Controller/AppController.php, line 77]
2022-07-28 17:19:06 Error: [FatalErrorException] Cannot redeclare AppController::$components
Request URL: /users/login
Stack Trace:
#0 /app/lib/Cake/Error/ErrorHandler.php(212): ErrorHandler::handleFatalError(64, 'Cannot redeclar...', '/app/app/Contro...', 77)
#1 [internal function]: ErrorHandler::handleError(64, 'Cannot redeclar...', '/app/app/Contro...', 77, Array)
#2 /app/lib/Cake/Core/App.php(970): call_user_func('ErrorHandler::h...', 64, 'Cannot redeclar...', '/app/app/Contro...', 77, Array)
#3 /app/lib/Cake/Core/App.php(943): App::_checkFatalError()
#4 [internal function]: App::shutdown()
#5 {main}
2022-07-28 17:19:06 Error: Fatal Error (64): Cannot redeclare AppController::$components in [/app/app/Controller/AppController.php, line 77]
2022-07-28 17:19:06 Error: [FatalErrorException] Cannot redeclare AppController::$components
Request URL: /users/login
Stack Trace:
#0 /app/lib/Cake/Error/ErrorHandler.php(212): ErrorHandler::handleFatalError(64, 'Cannot redeclar...', '/app/app/Contro...', 77)
#1 [internal function]: ErrorHandler::handleError(64, 'Cannot redeclar...', '/app/app/Contro...', 77, Array)
#2 /app/lib/Cake/Core/App.php(970): call_user_func('ErrorHandler::h...', 64, 'Cannot redeclar...', '/app/app/Contro...', 77, Array)
#3 /app/lib/Cake/Core/App.php(943): App::_checkFatalError()
#4 [internal function]: App::shutdown()
#5 {main}
2022-07-28 17:19:12 Error: [MissingControllerException] Controller class IndexController could not be found.
Exception Attributes: array (
  'class' => 'IndexController',
  'plugin' => NULL,
)
Request URL: /index
Stack Trace:
#0 /app/app/webroot/index.php(118): Dispatcher->dispatch(Object(CakeRequest), Object(CakeResponse))
#1 {main}
2022-07-28 17:19:12 Error: Fatal Error (64): Cannot redeclare AppController::$components in [/app/app/Controller/AppController.php, line 77]
2022-07-28 17:19:12 Error: [FatalErrorException] Cannot redeclare AppController::$components
Request URL: /index
Stack Trace:
#0 /app/lib/Cake/Error/ErrorHandler.php(212): ErrorHandler::handleFatalError(64, 'Cannot redeclar...', '/app/app/Contro...', 77)
#1 [internal function]: ErrorHandler::handleError(64, 'Cannot redeclar...', '/app/app/Contro...', 77, Array)
#2 /app/lib/Cake/Core/App.php(970): call_user_func('ErrorHandler::h...', 64, 'Cannot redeclar...', '/app/app/Contro...', 77, Array)
#3 /app/lib/Cake/Core/App.php(943): App::_checkFatalError()
#4 [internal function]: App::shutdown()
#5 {main}
2022-07-28 17:19:47 Error: [MissingControllerException] Controller class IndexController could not be found.
Exception Attributes: array (
  'class' => 'IndexController',
  'plugin' => NULL,
)
Request URL: /index
Stack Trace:
#0 /app/app/webroot/index.php(118): Dispatcher->dispatch(Object(CakeRequest), Object(CakeResponse))
#1 {main}
2022-07-28 17:19:47 Error: Fatal Error (64): Cannot redeclare AppController::$components in [/app/app/Controller/AppController.php, line 77]
2022-07-28 17:19:47 Error: [FatalErrorException] Cannot redeclare AppController::$components
Request URL: /index
Stack Trace:
#0 /app/lib/Cake/Error/ErrorHandler.php(212): ErrorHandler::handleFatalError(64, 'Cannot redeclar...', '/app/app/Contro...', 77)
#1 [internal function]: ErrorHandler::handleError(64, 'Cannot redeclar...', '/app/app/Contro...', 77, Array)
#2 /app/lib/Cake/Core/App.php(970): call_user_func('ErrorHandler::h...', 64, 'Cannot redeclar...', '/app/app/Contro...', 77, Array)
#3 /app/lib/Cake/Core/App.php(943): App::_checkFatalError()
#4 [internal function]: App::shutdown()
#5 {main}
2022-07-28 17:19:48 Error: [MissingControllerException] Controller class IndexController could not be found.
Exception Attributes: array (
  'class' => 'IndexController',
  'plugin' => NULL,
)
Request URL: /index
Stack Trace:
#0 /app/app/webroot/index.php(118): Dispatcher->dispatch(Object(CakeRequest), Object(CakeResponse))
#1 {main}
2022-07-28 17:19:48 Error: Fatal Error (64): Cannot redeclare AppController::$components in [/app/app/Controller/AppController.php, line 77]
2022-07-28 17:19:48 Error: [FatalErrorException] Cannot redeclare AppController::$components
Request URL: /index
Stack Trace:
#0 /app/lib/Cake/Error/ErrorHandler.php(212): ErrorHandler::handleFatalError(64, 'Cannot redeclar...', '/app/app/Contro...', 77)
#1 [internal function]: ErrorHandler::handleError(64, 'Cannot redeclar...', '/app/app/Contro...', 77, Array)
#2 /app/lib/Cake/Core/App.php(970): call_user_func('ErrorHandler::h...', 64, 'Cannot redeclar...', '/app/app/Contro...', 77, Array)
#3 /app/lib/Cake/Core/App.php(943): App::_checkFatalError()
#4 [internal function]: App::shutdown()
#5 {main}
2022-07-28 17:19:48 Error: [MissingControllerException] Controller class IndexController could not be found.
Exception Attributes: array (
  'class' => 'IndexController',
  'plugin' => NULL,
)
Request URL: /index
Stack Trace:
#0 /app/app/webroot/index.php(118): Dispatcher->dispatch(Object(CakeRequest), Object(CakeResponse))
#1 {main}
2022-07-28 17:19:48 Error: Fatal Error (64): Cannot redeclare AppController::$components in [/app/app/Controller/AppController.php, line 77]
2022-07-28 17:19:48 Error: [FatalErrorException] Cannot redeclare AppController::$components
Request URL: /index
Stack Trace:
#0 /app/lib/Cake/Error/ErrorHandler.php(212): ErrorHandler::handleFatalError(64, 'Cannot redeclar...', '/app/app/Contro...', 77)
#1 [internal function]: ErrorHandler::handleError(64, 'Cannot redeclar...', '/app/app/Contro...', 77, Array)
#2 /app/lib/Cake/Core/App.php(970): call_user_func('ErrorHandler::h...', 64, 'Cannot redeclar...', '/app/app/Contro...', 77, Array)
#3 /app/lib/Cake/Core/App.php(943): App::_checkFatalError()
#4 [internal function]: App::shutdown()
#5 {main}
2022-07-28 17:19:48 Error: [MissingControllerException] Controller class IndexController could not be found.
Exception Attributes: array (
  'class' => 'IndexController',
  'plugin' => NULL,
)
Request URL: /index
Stack Trace:
#0 /app/app/webroot/index.php(118): Dispatcher->dispatch(Object(CakeRequest), Object(CakeResponse))
#1 {main}
2022-07-28 17:19:48 Error: Fatal Error (64): Cannot redeclare AppController::$components in [/app/app/Controller/AppController.php, line 77]
2022-07-28 17:19:48 Error: [FatalErrorException] Cannot redeclare AppController::$components
Request URL: /index
Stack Trace:
#0 /app/lib/Cake/Error/ErrorHandler.php(212): ErrorHandler::handleFatalError(64, 'Cannot redeclar...', '/app/app/Contro...', 77)
#1 [internal function]: ErrorHandler::handleError(64, 'Cannot redeclar...', '/app/app/Contro...', 77, Array)
#2 /app/lib/Cake/Core/App.php(970): call_user_func('ErrorHandler::h...', 64, 'Cannot redeclar...', '/app/app/Contro...', 77, Array)
#3 /app/lib/Cake/Core/App.php(943): App::_checkFatalError()
#4 [internal function]: App::shutdown()
#5 {main}
2022-07-28 17:19:48 Error: [MissingControllerException] Controller class IndexController could not be found.
Exception Attributes: array (
  'class' => 'IndexController',
  'plugin' => NULL,
)
Request URL: /index
Stack Trace:
#0 /app/app/webroot/index.php(118): Dispatcher->dispatch(Object(CakeRequest), Object(CakeResponse))
#1 {main}
2022-07-28 17:19:48 Error: Fatal Error (64): Cannot redeclare AppController::$components in [/app/app/Controller/AppController.php, line 77]
2022-07-28 17:19:48 Error: [FatalErrorException] Cannot redeclare AppController::$components
Request URL: /index
Stack Trace:
#0 /app/lib/Cake/Error/ErrorHandler.php(212): ErrorHandler::handleFatalError(64, 'Cannot redeclar...', '/app/app/Contro...', 77)
#1 [internal function]: ErrorHandler::handleError(64, 'Cannot redeclar...', '/app/app/Contro...', 77, Array)
#2 /app/lib/Cake/Core/App.php(970): call_user_func('ErrorHandler::h...', 64, 'Cannot redeclar...', '/app/app/Contro...', 77, Array)
#3 /app/lib/Cake/Core/App.php(943): App::_checkFatalError()
#4 [internal function]: App::shutdown()
#5 {main}
2022-07-28 17:19:48 Error: [MissingControllerException] Controller class IndexController could not be found.
Exception Attributes: array (
  'class' => 'IndexController',
  'plugin' => NULL,
)
Request URL: /index
Stack Trace:
#0 /app/app/webroot/index.php(118): Dispatcher->dispatch(Object(CakeRequest), Object(CakeResponse))
#1 {main}
2022-07-28 17:19:48 Error: Fatal Error (64): Cannot redeclare AppController::$components in [/app/app/Controller/AppController.php, line 77]
2022-07-28 17:19:48 Error: [FatalErrorException] Cannot redeclare AppController::$components
Request URL: /index
Stack Trace:
#0 /app/lib/Cake/Error/ErrorHandler.php(212): ErrorHandler::handleFatalError(64, 'Cannot redeclar...', '/app/app/Contro...', 77)
#1 [internal function]: ErrorHandler::handleError(64, 'Cannot redeclar...', '/app/app/Contro...', 77, Array)
#2 /app/lib/Cake/Core/App.php(970): call_user_func('ErrorHandler::h...', 64, 'Cannot redeclar...', '/app/app/Contro...', 77, Array)
#3 /app/lib/Cake/Core/App.php(943): App::_checkFatalError()
#4 [internal function]: App::shutdown()
#5 {main}
2022-07-28 17:19:49 Error: [MissingControllerException] Controller class IndexController could not be found.
Exception Attributes: array (
  'class' => 'IndexController',
  'plugin' => NULL,
)
Request URL: /index
Stack Trace:
#0 /app/app/webroot/index.php(118): Dispatcher->dispatch(Object(CakeRequest), Object(CakeResponse))
#1 {main}
2022-07-28 17:19:49 Error: Fatal Error (64): Cannot redeclare AppController::$components in [/app/app/Controller/AppController.php, line 77]
2022-07-28 17:19:49 Error: [FatalErrorException] Cannot redeclare AppController::$components
Request URL: /index
Stack Trace:
#0 /app/lib/Cake/Error/ErrorHandler.php(212): ErrorHandler::handleFatalError(64, 'Cannot redeclar...', '/app/app/Contro...', 77)
#1 [internal function]: ErrorHandler::handleError(64, 'Cannot redeclar...', '/app/app/Contro...', 77, Array)
#2 /app/lib/Cake/Core/App.php(970): call_user_func('ErrorHandler::h...', 64, 'Cannot redeclar...', '/app/app/Contro...', 77, Array)
#3 /app/lib/Cake/Core/App.php(943): App::_checkFatalError()
#4 [internal function]: App::shutdown()
#5 {main}
2022-07-28 17:20:56 Error: [MissingControllerException] Controller class IndexController could not be found.
Exception Attributes: array (
  'class' => 'IndexController',
  'plugin' => NULL,
)
Request URL: /index
Stack Trace:
#0 /app/app/webroot/index.php(118): Dispatcher->dispatch(Object(CakeRequest), Object(CakeResponse))
#1 {main}
2022-07-28 17:20:56 Error: Fatal Error (64): Cannot redeclare AppController::$components in [/app/app/Controller/AppController.php, line 77]
2022-07-28 17:20:56 Error: [FatalErrorException] Cannot redeclare AppController::$components
Request URL: /index
Stack Trace:
#0 /app/lib/Cake/Error/ErrorHandler.php(212): ErrorHandler::handleFatalError(64, 'Cannot redeclar...', '/app/app/Contro...', 77)
#1 [internal function]: ErrorHandler::handleError(64, 'Cannot redeclar...', '/app/app/Contro...', 77, Array)
#2 /app/lib/Cake/Core/App.php(970): call_user_func('ErrorHandler::h...', 64, 'Cannot redeclar...', '/app/app/Contro...', 77, Array)
#3 /app/lib/Cake/Core/App.php(943): App::_checkFatalError()
#4 [internal function]: App::shutdown()
#5 {main}
2022-07-28 17:20:57 Error: [MissingControllerException] Controller class IndexController could not be found.
Exception Attributes: array (
  'class' => 'IndexController',
  'plugin' => NULL,
)
Request URL: /index
Stack Trace:
#0 /app/app/webroot/index.php(118): Dispatcher->dispatch(Object(CakeRequest), Object(CakeResponse))
#1 {main}
2022-07-28 17:20:57 Error: Fatal Error (64): Cannot redeclare AppController::$components in [/app/app/Controller/AppController.php, line 77]
2022-07-28 17:20:57 Error: [FatalErrorException] Cannot redeclare AppController::$components
Request URL: /index
Stack Trace:
#0 /app/lib/Cake/Error/ErrorHandler.php(212): ErrorHandler::handleFatalError(64, 'Cannot redeclar...', '/app/app/Contro...', 77)
#1 [internal function]: ErrorHandler::handleError(64, 'Cannot redeclar...', '/app/app/Contro...', 77, Array)
#2 /app/lib/Cake/Core/App.php(970): call_user_func('ErrorHandler::h...', 64, 'Cannot redeclar...', '/app/app/Contro...', 77, Array)
#3 /app/lib/Cake/Core/App.php(943): App::_checkFatalError()
#4 [internal function]: App::shutdown()
#5 {main}
2022-07-28 17:20:57 Error: [MissingControllerException] Controller class IndexController could not be found.
Exception Attributes: array (
  'class' => 'IndexController',
  'plugin' => NULL,
)
Request URL: /index
Stack Trace:
#0 /app/app/webroot/index.php(118): Dispatcher->dispatch(Object(CakeRequest), Object(CakeResponse))
#1 {main}
2022-07-28 17:20:57 Error: Fatal Error (64): Cannot redeclare AppController::$components in [/app/app/Controller/AppController.php, line 77]
2022-07-28 17:20:57 Error: [FatalErrorException] Cannot redeclare AppController::$components
Request URL: /index
Stack Trace:
#0 /app/lib/Cake/Error/ErrorHandler.php(212): ErrorHandler::handleFatalError(64, 'Cannot redeclar...', '/app/app/Contro...', 77)
#1 [internal function]: ErrorHandler::handleError(64, 'Cannot redeclar...', '/app/app/Contro...', 77, Array)
#2 /app/lib/Cake/Core/App.php(970): call_user_func('ErrorHandler::h...', 64, 'Cannot redeclar...', '/app/app/Contro...', 77, Array)
#3 /app/lib/Cake/Core/App.php(943): App::_checkFatalError()
#4 [internal function]: App::shutdown()
#5 {main}
2022-07-28 17:20:57 Error: [MissingControllerException] Controller class IndexController could not be found.
Exception Attributes: array (
  'class' => 'IndexController',
  'plugin' => NULL,
)
Request URL: /index
Stack Trace:
#0 /app/app/webroot/index.php(118): Dispatcher->dispatch(Object(CakeRequest), Object(CakeResponse))
#1 {main}
2022-07-28 17:20:57 Error: Fatal Error (64): Cannot redeclare AppController::$components in [/app/app/Controller/AppController.php, line 77]
2022-07-28 17:20:57 Error: [FatalErrorException] Cannot redeclare AppController::$components
Request URL: /index
Stack Trace:
#0 /app/lib/Cake/Error/ErrorHandler.php(212): ErrorHandler::handleFatalError(64, 'Cannot redeclar...', '/app/app/Contro...', 77)
#1 [internal function]: ErrorHandler::handleError(64, 'Cannot redeclar...', '/app/app/Contro...', 77, Array)
#2 /app/lib/Cake/Core/App.php(970): call_user_func('ErrorHandler::h...', 64, 'Cannot redeclar...', '/app/app/Contro...', 77, Array)
#3 /app/lib/Cake/Core/App.php(943): App::_checkFatalError()
#4 [internal function]: App::shutdown()
#5 {main}
2022-07-28 17:20:57 Error: [MissingControllerException] Controller class IndexController could not be found.
Exception Attributes: array (
  'class' => 'IndexController',
  'plugin' => NULL,
)
Request URL: /index
Stack Trace:
#0 /app/app/webroot/index.php(118): Dispatcher->dispatch(Object(CakeRequest), Object(CakeResponse))
#1 {main}
2022-07-28 17:20:57 Error: Fatal Error (64): Cannot redeclare AppController::$components in [/app/app/Controller/AppController.php, line 77]
2022-07-28 17:20:57 Error: [FatalErrorException] Cannot redeclare AppController::$components
Request URL: /index
Stack Trace:
#0 /app/lib/Cake/Error/ErrorHandler.php(212): ErrorHandler::handleFatalError(64, 'Cannot redeclar...', '/app/app/Contro...', 77)
#1 [internal function]: ErrorHandler::handleError(64, 'Cannot redeclar...', '/app/app/Contro...', 77, Array)
#2 /app/lib/Cake/Core/App.php(970): call_user_func('ErrorHandler::h...', 64, 'Cannot redeclar...', '/app/app/Contro...', 77, Array)
#3 /app/lib/Cake/Core/App.php(943): App::_checkFatalError()
#4 [internal function]: App::shutdown()
#5 {main}
2022-07-28 17:20:57 Error: [MissingControllerException] Controller class IndexController could not be found.
Exception Attributes: array (
  'class' => 'IndexController',
  'plugin' => NULL,
)
Request URL: /index
Stack Trace:
#0 /app/app/webroot/index.php(118): Dispatcher->dispatch(Object(CakeRequest), Object(CakeResponse))
#1 {main}
2022-07-28 17:20:57 Error: Fatal Error (64): Cannot redeclare AppController::$components in [/app/app/Controller/AppController.php, line 77]
2022-07-28 17:20:57 Error: [FatalErrorException] Cannot redeclare AppController::$components
Request URL: /index
Stack Trace:
#0 /app/lib/Cake/Error/ErrorHandler.php(212): ErrorHandler::handleFatalError(64, 'Cannot redeclar...', '/app/app/Contro...', 77)
#1 [internal function]: ErrorHandler::handleError(64, 'Cannot redeclar...', '/app/app/Contro...', 77, Array)
#2 /app/lib/Cake/Core/App.php(970): call_user_func('ErrorHandler::h...', 64, 'Cannot redeclar...', '/app/app/Contro...', 77, Array)
#3 /app/lib/Cake/Core/App.php(943): App::_checkFatalError()
#4 [internal function]: App::shutdown()
#5 {main}
2022-07-28 17:20:58 Error: [MissingControllerException] Controller class IndexController could not be found.
Exception Attributes: array (
  'class' => 'IndexController',
  'plugin' => NULL,
)
Request URL: /index
Stack Trace:
#0 /app/app/webroot/index.php(118): Dispatcher->dispatch(Object(CakeRequest), Object(CakeResponse))
#1 {main}
2022-07-28 17:20:58 Error: Fatal Error (64): Cannot redeclare AppController::$components in [/app/app/Controller/AppController.php, line 77]
2022-07-28 17:20:58 Error: [FatalErrorException] Cannot redeclare AppController::$components
Request URL: /index
Stack Trace:
#0 /app/lib/Cake/Error/ErrorHandler.php(212): ErrorHandler::handleFatalError(64, 'Cannot redeclar...', '/app/app/Contro...', 77)
#1 [internal function]: ErrorHandler::handleError(64, 'Cannot redeclar...', '/app/app/Contro...', 77, Array)
#2 /app/lib/Cake/Core/App.php(970): call_user_func('ErrorHandler::h...', 64, 'Cannot redeclar...', '/app/app/Contro...', 77, Array)
#3 /app/lib/Cake/Core/App.php(943): App::_checkFatalError()
#4 [internal function]: App::shutdown()
#5 {main}
2022-07-28 17:21:23 Error: [MissingControllerException] Controller class IndexController could not be found.
Exception Attributes: array (
  'class' => 'IndexController',
  'plugin' => NULL,
)
Request URL: /index
Stack Trace:
#0 /app/app/webroot/index.php(118): Dispatcher->dispatch(Object(CakeRequest), Object(CakeResponse))
#1 {main}
2022-07-28 17:21:23 Error: Fatal Error (64): Cannot redeclare AppController::$components in [/app/app/Controller/AppController.php, line 79]
2022-07-28 17:21:23 Error: [FatalErrorException] Cannot redeclare AppController::$components
Request URL: /index
Stack Trace:
#0 /app/lib/Cake/Error/ErrorHandler.php(212): ErrorHandler::handleFatalError(64, 'Cannot redeclar...', '/app/app/Contro...', 79)
#1 [internal function]: ErrorHandler::handleError(64, 'Cannot redeclar...', '/app/app/Contro...', 79, Array)
#2 /app/lib/Cake/Core/App.php(970): call_user_func('ErrorHandler::h...', 64, 'Cannot redeclar...', '/app/app/Contro...', 79, Array)
#3 /app/lib/Cake/Core/App.php(943): App::_checkFatalError()
#4 [internal function]: App::shutdown()
#5 {main}
2022-07-28 17:21:29 Error: [MissingControllerException] Controller class IndexController could not be found.
Exception Attributes: array (
  'class' => 'IndexController',
  'plugin' => NULL,
)
Request URL: /index
Stack Trace:
#0 /app/app/webroot/index.php(118): Dispatcher->dispatch(Object(CakeRequest), Object(CakeResponse))
#1 {main}
2022-07-28 17:21:29 Error: Fatal Error (64): Cannot redeclare AppController::$components in [/app/app/Controller/AppController.php, line 77]
2022-07-28 17:21:29 Error: [FatalErrorException] Cannot redeclare AppController::$components
Request URL: /index
Stack Trace:
#0 /app/lib/Cake/Error/ErrorHandler.php(212): ErrorHandler::handleFatalError(64, 'Cannot redeclar...', '/app/app/Contro...', 77)
#1 [internal function]: ErrorHandler::handleError(64, 'Cannot redeclar...', '/app/app/Contro...', 77, Array)
#2 /app/lib/Cake/Core/App.php(970): call_user_func('ErrorHandler::h...', 64, 'Cannot redeclar...', '/app/app/Contro...', 77, Array)
#3 /app/lib/Cake/Core/App.php(943): App::_checkFatalError()
#4 [internal function]: App::shutdown()
#5 {main}
2022-07-28 17:21:30 Error: [MissingControllerException] Controller class IndexController could not be found.
Exception Attributes: array (
  'class' => 'IndexController',
  'plugin' => NULL,
)
Request URL: /index
Stack Trace:
#0 /app/app/webroot/index.php(118): Dispatcher->dispatch(Object(CakeRequest), Object(CakeResponse))
#1 {main}
2022-07-28 17:21:30 Error: Fatal Error (64): Cannot redeclare AppController::$components in [/app/app/Controller/AppController.php, line 77]
2022-07-28 17:21:30 Error: [FatalErrorException] Cannot redeclare AppController::$components
Request URL: /index
Stack Trace:
#0 /app/lib/Cake/Error/ErrorHandler.php(212): ErrorHandler::handleFatalError(64, 'Cannot redeclar...', '/app/app/Contro...', 77)
#1 [internal function]: ErrorHandler::handleError(64, 'Cannot redeclar...', '/app/app/Contro...', 77, Array)
#2 /app/lib/Cake/Core/App.php(970): call_user_func('ErrorHandler::h...', 64, 'Cannot redeclar...', '/app/app/Contro...', 77, Array)
#3 /app/lib/Cake/Core/App.php(943): App::_checkFatalError()
#4 [internal function]: App::shutdown()
#5 {main}
2022-07-28 17:21:30 Error: [MissingControllerException] Controller class IndexController could not be found.
Exception Attributes: array (
  'class' => 'IndexController',
  'plugin' => NULL,
)
Request URL: /index
Stack Trace:
#0 /app/app/webroot/index.php(118): Dispatcher->dispatch(Object(CakeRequest), Object(CakeResponse))
#1 {main}
2022-07-28 17:21:30 Error: Fatal Error (64): Cannot redeclare AppController::$components in [/app/app/Controller/AppController.php, line 77]
2022-07-28 17:21:30 Error: [FatalErrorException] Cannot redeclare AppController::$components
Request URL: /index
Stack Trace:
#0 /app/lib/Cake/Error/ErrorHandler.php(212): ErrorHandler::handleFatalError(64, 'Cannot redeclar...', '/app/app/Contro...', 77)
#1 [internal function]: ErrorHandler::handleError(64, 'Cannot redeclar...', '/app/app/Contro...', 77, Array)
#2 /app/lib/Cake/Core/App.php(970): call_user_func('ErrorHandler::h...', 64, 'Cannot redeclar...', '/app/app/Contro...', 77, Array)
#3 /app/lib/Cake/Core/App.php(943): App::_checkFatalError()
#4 [internal function]: App::shutdown()
#5 {main}
2022-07-28 17:21:30 Error: [MissingControllerException] Controller class IndexController could not be found.
Exception Attributes: array (
  'class' => 'IndexController',
  'plugin' => NULL,
)
Request URL: /index
Stack Trace:
#0 /app/app/webroot/index.php(118): Dispatcher->dispatch(Object(CakeRequest), Object(CakeResponse))
#1 {main}
2022-07-28 17:21:30 Error: Fatal Error (64): Cannot redeclare AppController::$components in [/app/app/Controller/AppController.php, line 77]
2022-07-28 17:21:30 Error: [FatalErrorException] Cannot redeclare AppController::$components
Request URL: /index
Stack Trace:
#0 /app/lib/Cake/Error/ErrorHandler.php(212): ErrorHandler::handleFatalError(64, 'Cannot redeclar...', '/app/app/Contro...', 77)
#1 [internal function]: ErrorHandler::handleError(64, 'Cannot redeclar...', '/app/app/Contro...', 77, Array)
#2 /app/lib/Cake/Core/App.php(970): call_user_func('ErrorHandler::h...', 64, 'Cannot redeclar...', '/app/app/Contro...', 77, Array)
#3 /app/lib/Cake/Core/App.php(943): App::_checkFatalError()
#4 [internal function]: App::shutdown()
#5 {main}
2022-07-28 17:21:30 Error: [MissingControllerException] Controller class IndexController could not be found.
Exception Attributes: array (
  'class' => 'IndexController',
  'plugin' => NULL,
)
Request URL: /index
Stack Trace:
#0 /app/app/webroot/index.php(118): Dispatcher->dispatch(Object(CakeRequest), Object(CakeResponse))
#1 {main}
2022-07-28 17:21:30 Error: Fatal Error (64): Cannot redeclare AppController::$components in [/app/app/Controller/AppController.php, line 77]
2022-07-28 17:21:30 Error: [FatalErrorException] Cannot redeclare AppController::$components
Request URL: /index
Stack Trace:
#0 /app/lib/Cake/Error/ErrorHandler.php(212): ErrorHandler::handleFatalError(64, 'Cannot redeclar...', '/app/app/Contro...', 77)
#1 [internal function]: ErrorHandler::handleError(64, 'Cannot redeclar...', '/app/app/Contro...', 77, Array)
#2 /app/lib/Cake/Core/App.php(970): call_user_func('ErrorHandler::h...', 64, 'Cannot redeclar...', '/app/app/Contro...', 77, Array)
#3 /app/lib/Cake/Core/App.php(943): App::_checkFatalError()
#4 [internal function]: App::shutdown()
#5 {main}
2022-07-28 17:21:40 Error: [MissingControllerException] Controller class IndexController could not be found.
Exception Attributes: array (
  'class' => 'IndexController',
  'plugin' => NULL,
)
Request URL: /index
Stack Trace:
#0 /app/app/webroot/index.php(118): Dispatcher->dispatch(Object(CakeRequest), Object(CakeResponse))
#1 {main}
2022-07-28 17:22:50 Error: [MissingControllerException] Controller class IndexController could not be found.
Exception Attributes: array (
  'class' => 'IndexController',
  'plugin' => NULL,
)
Request URL: /index
Stack Trace:
#0 /app/app/webroot/index.php(118): Dispatcher->dispatch(Object(CakeRequest), Object(CakeResponse))
#1 {main}
2022-07-28 17:22:50 Error: [MissingControllerException] Controller class IndexController could not be found.
Exception Attributes: array (
  'class' => 'IndexController',
  'plugin' => NULL,
)
Request URL: /index
Stack Trace:
#0 /app/app/webroot/index.php(118): Dispatcher->dispatch(Object(CakeRequest), Object(CakeResponse))
#1 {main}
2022-07-28 17:22:51 Error: [MissingControllerException] Controller class IndexController could not be found.
Exception Attributes: array (
  'class' => 'IndexController',
  'plugin' => NULL,
)
Request URL: /index
Stack Trace:
#0 /app/app/webroot/index.php(118): Dispatcher->dispatch(Object(CakeRequest), Object(CakeResponse))
#1 {main}
2022-07-28 17:22:51 Error: [MissingControllerException] Controller class IndexController could not be found.
Exception Attributes: array (
  'class' => 'IndexController',
  'plugin' => NULL,
)
Request URL: /index
Stack Trace:
#0 /app/app/webroot/index.php(118): Dispatcher->dispatch(Object(CakeRequest), Object(CakeResponse))
#1 {main}
2022-07-28 17:22:51 Error: [MissingControllerException] Controller class IndexController could not be found.
Exception Attributes: array (
  'class' => 'IndexController',
  'plugin' => NULL,
)
Request URL: /index
Stack Trace:
#0 /app/app/webroot/index.php(118): Dispatcher->dispatch(Object(CakeRequest), Object(CakeResponse))
#1 {main}
2022-07-28 17:23:18 Error: [MissingViewException] View file "Users/index.ctp" is missing.
Exception Attributes: array (
  'file' => 'Users/index.ctp',
)
Request URL: /users
Stack Trace:
#0 /app/lib/Cake/View/View.php(470): View->_getViewFileName(NULL)
#1 /app/lib/Cake/Controller/Controller.php(968): View->render(NULL, NULL)
#2 /app/lib/Cake/Routing/Dispatcher.php(200): Controller->render()
#3 /app/lib/Cake/Routing/Dispatcher.php(167): Dispatcher->_invoke(Object(UsersController), Object(CakeRequest))
#4 /app/app/webroot/index.php(118): Dispatcher->dispatch(Object(CakeRequest), Object(CakeResponse))
#5 {main}
2022-07-28 17:24:10 Error: Fatal Error (4): syntax error, unexpected 'public' (T_PUBLIC) in [/app/app/Model/Post.php, line 3]
2022-07-28 17:24:10 Error: [FatalErrorException] syntax error, unexpected 'public' (T_PUBLIC)
Request URL: /posts/add
Stack Trace:
#0 /app/lib/Cake/Error/ErrorHandler.php(212): ErrorHandler::handleFatalError(4, 'syntax error, u...', '/app/app/Model/...', 3)
#1 [internal function]: ErrorHandler::handleError(4, 'syntax error, u...', '/app/app/Model/...', 3, Array)
#2 /app/lib/Cake/Core/App.php(970): call_user_func('ErrorHandler::h...', 4, 'syntax error, u...', '/app/app/Model/...', 3, Array)
#3 /app/lib/Cake/Core/App.php(943): App::_checkFatalError()
#4 [internal function]: App::shutdown()
#5 {main}
2022-07-28 17:24:58 Error: [MissingViewException] View file "Pages/posts.ctp" is missing.
Exception Attributes: array (
  'file' => 'Pages/posts.ctp',
)
Request URL: /pages/posts
Stack Trace:
#0 /app/lib/Cake/View/View.php(470): View->_getViewFileName('posts')
#1 /app/lib/Cake/Controller/Controller.php(968): View->render('posts', NULL)
#2 /app/app/Controller/PagesController.php(72): Controller->render('posts')
#3 [internal function]: PagesController->display('posts')
#4 /app/lib/Cake/Controller/Controller.php(499): ReflectionMethod->invokeArgs(Object(PagesController), Array)
#5 /app/lib/Cake/Routing/Dispatcher.php(193): Controller->invokeAction(Object(CakeRequest))
#6 /app/lib/Cake/Routing/Dispatcher.php(167): Dispatcher->_invoke(Object(PagesController), Object(CakeRequest))
#7 /app/app/webroot/index.php(118): Dispatcher->dispatch(Object(CakeRequest), Object(CakeResponse))
#8 {main}
2022-07-28 17:25:04 Error: Fatal Error (4): syntax error, unexpected 'public' (T_PUBLIC) in [/app/app/Model/Post.php, line 3]
2022-07-28 17:25:04 Error: [FatalErrorException] syntax error, unexpected 'public' (T_PUBLIC)
Request URL: /posts
Stack Trace:
#0 /app/lib/Cake/Error/ErrorHandler.php(212): ErrorHandler::handleFatalError(4, 'syntax error, u...', '/app/app/Model/...', 3)
#1 [internal function]: ErrorHandler::handleError(4, 'syntax error, u...', '/app/app/Model/...', 3, Array)
#2 /app/lib/Cake/Core/App.php(970): call_user_func('ErrorHandler::h...', 4, 'syntax error, u...', '/app/app/Model/...', 3, Array)
#3 /app/lib/Cake/Core/App.php(943): App::_checkFatalError()
#4 [internal function]: App::shutdown()
#5 {main}
2022-07-28 17:30:25 Error: Fatal Error (4): syntax error, unexpected 'public' (T_PUBLIC) in [/app/app/Model/Post.php, line 3]
2022-07-28 17:30:25 Error: [FatalErrorException] syntax error, unexpected 'public' (T_PUBLIC)
Request URL: /posts
Stack Trace:
#0 /app/lib/Cake/Error/ErrorHandler.php(212): ErrorHandler::handleFatalError(4, 'syntax error, u...', '/app/app/Model/...', 3)
#1 [internal function]: ErrorHandler::handleError(4, 'syntax error, u...', '/app/app/Model/...', 3, Array)
#2 /app/lib/Cake/Core/App.php(970): call_user_func('ErrorHandler::h...', 4, 'syntax error, u...', '/app/app/Model/...', 3, Array)
#3 /app/lib/Cake/Core/App.php(943): App::_checkFatalError()
#4 [internal function]: App::shutdown()
#5 {main}
2022-07-28 17:30:25 Error: Fatal Error (4): syntax error, unexpected 'public' (T_PUBLIC) in [/app/app/Model/Post.php, line 3]
2022-07-28 17:30:25 Error: [FatalErrorException] syntax error, unexpected 'public' (T_PUBLIC)
Request URL: /posts
Stack Trace:
#0 /app/lib/Cake/Error/ErrorHandler.php(212): ErrorHandler::handleFatalError(4, 'syntax error, u...', '/app/app/Model/...', 3)
#1 [internal function]: ErrorHandler::handleError(4, 'syntax error, u...', '/app/app/Model/...', 3, Array)
#2 /app/lib/Cake/Core/App.php(970): call_user_func('ErrorHandler::h...', 4, 'syntax error, u...', '/app/app/Model/...', 3, Array)
#3 /app/lib/Cake/Core/App.php(943): App::_checkFatalError()
#4 [internal function]: App::shutdown()
#5 {main}
2022-07-28 17:30:26 Error: Fatal Error (4): syntax error, unexpected 'public' (T_PUBLIC) in [/app/app/Model/Post.php, line 3]
2022-07-28 17:30:26 Error: [FatalErrorException] syntax error, unexpected 'public' (T_PUBLIC)
Request URL: /posts
Stack Trace:
#0 /app/lib/Cake/Error/ErrorHandler.php(212): ErrorHandler::handleFatalError(4, 'syntax error, u...', '/app/app/Model/...', 3)
#1 [internal function]: ErrorHandler::handleError(4, 'syntax error, u...', '/app/app/Model/...', 3, Array)
#2 /app/lib/Cake/Core/App.php(970): call_user_func('ErrorHandler::h...', 4, 'syntax error, u...', '/app/app/Model/...', 3, Array)
#3 /app/lib/Cake/Core/App.php(943): App::_checkFatalError()
#4 [internal function]: App::shutdown()
#5 {main}
2022-07-28 17:30:26 Error: Fatal Error (4): syntax error, unexpected 'public' (T_PUBLIC) in [/app/app/Model/Post.php, line 3]
2022-07-28 17:30:26 Error: [FatalErrorException] syntax error, unexpected 'public' (T_PUBLIC)
Request URL: /posts
Stack Trace:
#0 /app/lib/Cake/Error/ErrorHandler.php(212): ErrorHandler::handleFatalError(4, 'syntax error, u...', '/app/app/Model/...', 3)
#1 [internal function]: ErrorHandler::handleError(4, 'syntax error, u...', '/app/app/Model/...', 3, Array)
#2 /app/lib/Cake/Core/App.php(970): call_user_func('ErrorHandler::h...', 4, 'syntax error, u...', '/app/app/Model/...', 3, Array)
#3 /app/lib/Cake/Core/App.php(943): App::_checkFatalError()
#4 [internal function]: App::shutdown()
#5 {main}
2022-07-28 17:30:26 Error: Fatal Error (4): syntax error, unexpected 'public' (T_PUBLIC) in [/app/app/Model/Post.php, line 3]
2022-07-28 17:30:26 Error: [FatalErrorException] syntax error, unexpected 'public' (T_PUBLIC)
Request URL: /posts
Stack Trace:
#0 /app/lib/Cake/Error/ErrorHandler.php(212): ErrorHandler::handleFatalError(4, 'syntax error, u...', '/app/app/Model/...', 3)
#1 [internal function]: ErrorHandler::handleError(4, 'syntax error, u...', '/app/app/Model/...', 3, Array)
#2 /app/lib/Cake/Core/App.php(970): call_user_func('ErrorHandler::h...', 4, 'syntax error, u...', '/app/app/Model/...', 3, Array)
#3 /app/lib/Cake/Core/App.php(943): App::_checkFatalError()
#4 [internal function]: App::shutdown()
#5 {main}
2022-07-28 17:38:43 Error: [MissingActionException] Action PostsController::delete() could not be found.
Exception Attributes: array (
  'controller' => 'PostsController',
  'action' => 'delete',
)
Request URL: /posts/delete/15
Stack Trace:
#0 /app/lib/Cake/Routing/Dispatcher.php(193): Controller->invokeAction(Object(CakeRequest))
#1 /app/lib/Cake/Routing/Dispatcher.php(167): Dispatcher->_invoke(Object(PostsController), Object(CakeRequest))
#2 /app/app/webroot/index.php(118): Dispatcher->dispatch(Object(CakeRequest), Object(CakeResponse))
#3 {main}
2022-07-28 17:39:47 Error: [MissingActionException] Action PostsController::delete() could not be found.
Exception Attributes: array (
  'controller' => 'PostsController',
  'action' => 'delete',
)
Request URL: /posts/delete/15
Stack Trace:
#0 /app/lib/Cake/Routing/Dispatcher.php(193): Controller->invokeAction(Object(CakeRequest))
#1 /app/lib/Cake/Routing/Dispatcher.php(167): Dispatcher->_invoke(Object(PostsController), Object(CakeRequest))
#2 /app/app/webroot/index.php(118): Dispatcher->dispatch(Object(CakeRequest), Object(CakeResponse))
#3 {main}
2022-07-28 17:39:57 Error: [MissingActionException] Action PostsController::edit() could not be found.
Exception Attributes: array (
  'controller' => 'PostsController',
  'action' => 'edit',
)
Request URL: /posts/edit/16
Stack Trace:
#0 /app/lib/Cake/Routing/Dispatcher.php(193): Controller->invokeAction(Object(CakeRequest))
#1 /app/lib/Cake/Routing/Dispatcher.php(167): Dispatcher->_invoke(Object(PostsController), Object(CakeRequest))
#2 /app/app/webroot/index.php(118): Dispatcher->dispatch(Object(CakeRequest), Object(CakeResponse))
#3 {main}
2022-07-28 17:51:49 Error: [MissingViewException] View file "Users/index.ctp" is missing.
Exception Attributes: array (
  'file' => 'Users/index.ctp',
)
Request URL: /users/
Stack Trace:
#0 /app/lib/Cake/View/View.php(470): View->_getViewFileName(NULL)
#1 /app/lib/Cake/Controller/Controller.php(968): View->render(NULL, NULL)
#2 /app/lib/Cake/Routing/Dispatcher.php(200): Controller->render()
#3 /app/lib/Cake/Routing/Dispatcher.php(167): Dispatcher->_invoke(Object(UsersController), Object(CakeRequest))
#4 /app/app/webroot/index.php(118): Dispatcher->dispatch(Object(CakeRequest), Object(CakeResponse))
#5 {main}
2022-07-28 17:52:00 Error: [MissingViewException] View file "Users/index.ctp" is missing.
Exception Attributes: array (
  'file' => 'Users/index.ctp',
)
Request URL: /users
Stack Trace:
#0 /app/lib/Cake/View/View.php(470): View->_getViewFileName(NULL)
#1 /app/lib/Cake/Controller/Controller.php(968): View->render(NULL, NULL)
#2 /app/lib/Cake/Routing/Dispatcher.php(200): Controller->render()
#3 /app/lib/Cake/Routing/Dispatcher.php(167): Dispatcher->_invoke(Object(UsersController), Object(CakeRequest))
#4 /app/app/webroot/index.php(118): Dispatcher->dispatch(Object(CakeRequest), Object(CakeResponse))
#5 {main}
2022-07-28 17:57:52 Error: [MissingViewException] View file "Users/index.ctp" is missing.
Exception Attributes: array (
  'file' => 'Users/index.ctp',
)
Request URL: /users
Stack Trace:
#0 /app/lib/Cake/View/View.php(470): View->_getViewFileName(NULL)
#1 /app/lib/Cake/Controller/Controller.php(968): View->render(NULL, NULL)
#2 /app/lib/Cake/Routing/Dispatcher.php(200): Controller->render()
#3 /app/lib/Cake/Routing/Dispatcher.php(167): Dispatcher->_invoke(Object(UsersController), Object(CakeRequest))
#4 /app/app/webroot/index.php(118): Dispatcher->dispatch(Object(CakeRequest), Object(CakeResponse))
#5 {main}
2022-07-28 18:02:34 Error: [MissingViewException] View file "Users/index.ctp" is missing.
Exception Attributes: array (
  'file' => 'Users/index.ctp',
)
Request URL: /users/
Stack Trace:
#0 /app/lib/Cake/View/View.php(470): View->_getViewFileName(NULL)
#1 /app/lib/Cake/Controller/Controller.php(968): View->render(NULL, NULL)
#2 /app/lib/Cake/Routing/Dispatcher.php(200): Controller->render()
#3 /app/lib/Cake/Routing/Dispatcher.php(167): Dispatcher->_invoke(Object(UsersController), Object(CakeRequest))
#4 /app/app/webroot/index.php(118): Dispatcher->dispatch(Object(CakeRequest), Object(CakeResponse))
#5 {main}
2022-07-28 18:02:36 Error: [MissingViewException] View file "Users/index.ctp" is missing.
Exception Attributes: array (
  'file' => 'Users/index.ctp',
)
Request URL: /users/
Stack Trace:
#0 /app/lib/Cake/View/View.php(470): View->_getViewFileName(NULL)
#1 /app/lib/Cake/Controller/Controller.php(968): View->render(NULL, NULL)
#2 /app/lib/Cake/Routing/Dispatcher.php(200): Controller->render()
#3 /app/lib/Cake/Routing/Dispatcher.php(167): Dispatcher->_invoke(Object(UsersController), Object(CakeRequest))
#4 /app/app/webroot/index.php(118): Dispatcher->dispatch(Object(CakeRequest), Object(CakeResponse))
#5 {main}
2022-07-28 18:03:21 Error: [MissingViewException] View file "Users/index.ctp" is missing.
Exception Attributes: array (
  'file' => 'Users/index.ctp',
)
Request URL: /users
Stack Trace:
#0 /app/lib/Cake/View/View.php(470): View->_getViewFileName(NULL)
#1 /app/lib/Cake/Controller/Controller.php(968): View->render(NULL, NULL)
#2 /app/lib/Cake/Routing/Dispatcher.php(200): Controller->render()
#3 /app/lib/Cake/Routing/Dispatcher.php(167): Dispatcher->_invoke(Object(UsersController), Object(CakeRequest))
#4 /app/app/webroot/index.php(118): Dispatcher->dispatch(Object(CakeRequest), Object(CakeResponse))
#5 {main}
2022-07-28 18:03:44 Error: [NotFoundException] Invalid user
Request URL: /users/edit
Stack Trace:
#0 [internal function]: UsersController->edit()
#1 /app/lib/Cake/Controller/Controller.php(499): ReflectionMethod->invokeArgs(Object(UsersController), Array)
#2 /app/lib/Cake/Routing/Dispatcher.php(193): Controller->invokeAction(Object(CakeRequest))
#3 /app/lib/Cake/Routing/Dispatcher.php(167): Dispatcher->_invoke(Object(UsersController), Object(CakeRequest))
#4 /app/app/webroot/index.php(118): Dispatcher->dispatch(Object(CakeRequest), Object(CakeResponse))
#5 {main}
2022-07-28 18:03:50 Error: [MissingViewException] View file "Users/index.ctp" is missing.
Exception Attributes: array (
  'file' => 'Users/index.ctp',
)
Request URL: /users
Stack Trace:
#0 /app/lib/Cake/View/View.php(470): View->_getViewFileName(NULL)
#1 /app/lib/Cake/Controller/Controller.php(968): View->render(NULL, NULL)
#2 /app/lib/Cake/Routing/Dispatcher.php(200): Controller->render()
#3 /app/lib/Cake/Routing/Dispatcher.php(167): Dispatcher->_invoke(Object(UsersController), Object(CakeRequest))
#4 /app/app/webroot/index.php(118): Dispatcher->dispatch(Object(CakeRequest), Object(CakeResponse))
#5 {main}
2022-07-28 18:04:03 Error: [NotFoundException] Invalid user
Request URL: /users/edit
Stack Trace:
#0 [internal function]: UsersController->edit()
#1 /app/lib/Cake/Controller/Controller.php(499): ReflectionMethod->invokeArgs(Object(UsersController), Array)
#2 /app/lib/Cake/Routing/Dispatcher.php(193): Controller->invokeAction(Object(CakeRequest))
#3 /app/lib/Cake/Routing/Dispatcher.php(167): Dispatcher->_invoke(Object(UsersController), Object(CakeRequest))
#4 /app/app/webroot/index.php(118): Dispatcher->dispatch(Object(CakeRequest), Object(CakeResponse))
#5 {main}
2022-07-28 18:04:53 Error: [MissingViewException] View file "Users/index.ctp" is missing.
Exception Attributes: array (
  'file' => 'Users/index.ctp',
)
Request URL: /users/
Stack Trace:
#0 /app/lib/Cake/View/View.php(470): View->_getViewFileName(NULL)
#1 /app/lib/Cake/Controller/Controller.php(968): View->render(NULL, NULL)
#2 /app/lib/Cake/Routing/Dispatcher.php(200): Controller->render()
#3 /app/lib/Cake/Routing/Dispatcher.php(167): Dispatcher->_invoke(Object(UsersController), Object(CakeRequest))
#4 /app/app/webroot/index.php(118): Dispatcher->dispatch(Object(CakeRequest), Object(CakeResponse))
#5 {main}
2022-07-28 18:07:51 Error: [NotFoundException] Invalid user
Request URL: /users/edit
Stack Trace:
#0 [internal function]: UsersController->edit()
#1 /app/lib/Cake/Controller/Controller.php(499): ReflectionMethod->invokeArgs(Object(UsersController), Array)
#2 /app/lib/Cake/Routing/Dispatcher.php(193): Controller->invokeAction(Object(CakeRequest))
#3 /app/lib/Cake/Routing/Dispatcher.php(167): Dispatcher->_invoke(Object(UsersController), Object(CakeRequest))
#4 /app/app/webroot/index.php(118): Dispatcher->dispatch(Object(CakeRequest), Object(CakeResponse))
#5 {main}
